[2025-12-02T06:24:38.169+0000] {processor.py:161} INFO - Started process (PID=12606) to work on /opt/airflow/dags/exampledag.py
[2025-12-02T06:24:38.170+0000] {processor.py:830} INFO - Processing file /opt/airflow/dags/exampledag.py for tasks to queue
[2025-12-02T06:24:38.172+0000] {logging_mixin.py:188} INFO - [2025-12-02T06:24:38.172+0000] {dagbag.py:545} INFO - Filling up the DagBag from /opt/airflow/dags/exampledag.py
[2025-12-02T06:24:38.195+0000] {logging_mixin.py:188} INFO - [2025-12-02T06:24:38.189+0000] {dagbag.py:355} ERROR - Failed to import: /opt/airflow/dags/exampledag.py
Traceback (most recent call last):
  File "/home/airflow/.local/lib/python3.12/site-packages/airflow/models/dagbag.py", line 351, in parse
    loader.exec_module(new_module)
  File "<frozen importlib._bootstrap_external>", line 995, in exec_module
  File "<frozen importlib._bootstrap>", line 488, in _call_with_frames_removed
  File "/opt/airflow/dags/exampledag.py", line 23, in <module>
    from airflow.sdk import Asset, dag, task
ModuleNotFoundError: No module named 'airflow.sdk'
[2025-12-02T06:24:38.197+0000] {processor.py:842} WARNING - No viable dags retrieved from /opt/airflow/dags/exampledag.py
[2025-12-02T06:24:38.227+0000] {processor.py:183} INFO - Processing /opt/airflow/dags/exampledag.py took 0.064 seconds
[2025-12-02T06:25:08.758+0000] {processor.py:161} INFO - Started process (PID=12665) to work on /opt/airflow/dags/exampledag.py
[2025-12-02T06:25:08.759+0000] {processor.py:830} INFO - Processing file /opt/airflow/dags/exampledag.py for tasks to queue
[2025-12-02T06:25:08.763+0000] {logging_mixin.py:188} INFO - [2025-12-02T06:25:08.763+0000] {dagbag.py:545} INFO - Filling up the DagBag from /opt/airflow/dags/exampledag.py
[2025-12-02T06:25:08.780+0000] {logging_mixin.py:188} INFO - [2025-12-02T06:25:08.775+0000] {dagbag.py:355} ERROR - Failed to import: /opt/airflow/dags/exampledag.py
Traceback (most recent call last):
  File "/home/airflow/.local/lib/python3.12/site-packages/airflow/models/dagbag.py", line 351, in parse
    loader.exec_module(new_module)
  File "<frozen importlib._bootstrap_external>", line 995, in exec_module
  File "<frozen importlib._bootstrap>", line 488, in _call_with_frames_removed
  File "/opt/airflow/dags/exampledag.py", line 23, in <module>
    from airflow.sdk import Asset, dag, task
ModuleNotFoundError: No module named 'airflow.sdk'
[2025-12-02T06:25:08.782+0000] {processor.py:842} WARNING - No viable dags retrieved from /opt/airflow/dags/exampledag.py
[2025-12-02T06:25:08.807+0000] {processor.py:183} INFO - Processing /opt/airflow/dags/exampledag.py took 0.064 seconds
[2025-12-02T06:25:39.433+0000] {processor.py:161} INFO - Started process (PID=12725) to work on /opt/airflow/dags/exampledag.py
[2025-12-02T06:25:39.434+0000] {processor.py:830} INFO - Processing file /opt/airflow/dags/exampledag.py for tasks to queue
[2025-12-02T06:25:39.437+0000] {logging_mixin.py:188} INFO - [2025-12-02T06:25:39.437+0000] {dagbag.py:545} INFO - Filling up the DagBag from /opt/airflow/dags/exampledag.py
[2025-12-02T06:25:39.462+0000] {logging_mixin.py:188} INFO - [2025-12-02T06:25:39.455+0000] {dagbag.py:355} ERROR - Failed to import: /opt/airflow/dags/exampledag.py
Traceback (most recent call last):
  File "/home/airflow/.local/lib/python3.12/site-packages/airflow/models/dagbag.py", line 351, in parse
    loader.exec_module(new_module)
  File "<frozen importlib._bootstrap_external>", line 995, in exec_module
  File "<frozen importlib._bootstrap>", line 488, in _call_with_frames_removed
  File "/opt/airflow/dags/exampledag.py", line 23, in <module>
    from airflow.sdk import Asset, dag, task
ModuleNotFoundError: No module named 'airflow.sdk'
[2025-12-02T06:25:39.465+0000] {processor.py:842} WARNING - No viable dags retrieved from /opt/airflow/dags/exampledag.py
[2025-12-02T06:25:39.494+0000] {processor.py:183} INFO - Processing /opt/airflow/dags/exampledag.py took 0.069 seconds
[2025-12-02T06:26:10.109+0000] {processor.py:161} INFO - Started process (PID=12784) to work on /opt/airflow/dags/exampledag.py
[2025-12-02T06:26:10.110+0000] {processor.py:830} INFO - Processing file /opt/airflow/dags/exampledag.py for tasks to queue
[2025-12-02T06:26:10.113+0000] {logging_mixin.py:188} INFO - [2025-12-02T06:26:10.113+0000] {dagbag.py:545} INFO - Filling up the DagBag from /opt/airflow/dags/exampledag.py
[2025-12-02T06:26:10.130+0000] {logging_mixin.py:188} INFO - [2025-12-02T06:26:10.126+0000] {dagbag.py:355} ERROR - Failed to import: /opt/airflow/dags/exampledag.py
Traceback (most recent call last):
  File "/home/airflow/.local/lib/python3.12/site-packages/airflow/models/dagbag.py", line 351, in parse
    loader.exec_module(new_module)
  File "<frozen importlib._bootstrap_external>", line 995, in exec_module
  File "<frozen importlib._bootstrap>", line 488, in _call_with_frames_removed
  File "/opt/airflow/dags/exampledag.py", line 23, in <module>
    from airflow.sdk import Asset, dag, task
ModuleNotFoundError: No module named 'airflow.sdk'
[2025-12-02T06:26:10.132+0000] {processor.py:842} WARNING - No viable dags retrieved from /opt/airflow/dags/exampledag.py
[2025-12-02T06:26:10.156+0000] {processor.py:183} INFO - Processing /opt/airflow/dags/exampledag.py took 0.053 seconds
[2025-12-02T06:26:40.486+0000] {processor.py:161} INFO - Started process (PID=12842) to work on /opt/airflow/dags/exampledag.py
[2025-12-02T06:26:40.488+0000] {processor.py:830} INFO - Processing file /opt/airflow/dags/exampledag.py for tasks to queue
[2025-12-02T06:26:40.490+0000] {logging_mixin.py:188} INFO - [2025-12-02T06:26:40.489+0000] {dagbag.py:545} INFO - Filling up the DagBag from /opt/airflow/dags/exampledag.py
[2025-12-02T06:26:40.505+0000] {logging_mixin.py:188} INFO - [2025-12-02T06:26:40.502+0000] {dagbag.py:355} ERROR - Failed to import: /opt/airflow/dags/exampledag.py
Traceback (most recent call last):
  File "/home/airflow/.local/lib/python3.12/site-packages/airflow/models/dagbag.py", line 351, in parse
    loader.exec_module(new_module)
  File "<frozen importlib._bootstrap_external>", line 995, in exec_module
  File "<frozen importlib._bootstrap>", line 488, in _call_with_frames_removed
  File "/opt/airflow/dags/exampledag.py", line 23, in <module>
    from airflow.sdk import Asset, dag, task
ModuleNotFoundError: No module named 'airflow.sdk'
[2025-12-02T06:26:40.507+0000] {processor.py:842} WARNING - No viable dags retrieved from /opt/airflow/dags/exampledag.py
[2025-12-02T06:26:40.528+0000] {processor.py:183} INFO - Processing /opt/airflow/dags/exampledag.py took 0.048 seconds
[2025-12-02T06:27:10.736+0000] {processor.py:161} INFO - Started process (PID=12901) to work on /opt/airflow/dags/exampledag.py
[2025-12-02T06:27:10.737+0000] {processor.py:830} INFO - Processing file /opt/airflow/dags/exampledag.py for tasks to queue
[2025-12-02T06:27:10.743+0000] {logging_mixin.py:188} INFO - [2025-12-02T06:27:10.742+0000] {dagbag.py:545} INFO - Filling up the DagBag from /opt/airflow/dags/exampledag.py
[2025-12-02T06:27:10.768+0000] {logging_mixin.py:188} INFO - [2025-12-02T06:27:10.757+0000] {dagbag.py:355} ERROR - Failed to import: /opt/airflow/dags/exampledag.py
Traceback (most recent call last):
  File "/home/airflow/.local/lib/python3.12/site-packages/airflow/models/dagbag.py", line 351, in parse
    loader.exec_module(new_module)
  File "<frozen importlib._bootstrap_external>", line 995, in exec_module
  File "<frozen importlib._bootstrap>", line 488, in _call_with_frames_removed
  File "/opt/airflow/dags/exampledag.py", line 23, in <module>
    from airflow.sdk import Asset, dag, task
ModuleNotFoundError: No module named 'airflow.sdk'
[2025-12-02T06:27:10.773+0000] {processor.py:842} WARNING - No viable dags retrieved from /opt/airflow/dags/exampledag.py
[2025-12-02T06:27:10.803+0000] {processor.py:183} INFO - Processing /opt/airflow/dags/exampledag.py took 0.075 seconds
[2025-12-02T06:27:44.089+0000] {processor.py:161} INFO - Started process (PID=12947) to work on /opt/airflow/dags/exampledag.py
[2025-12-02T06:27:44.096+0000] {processor.py:830} INFO - Processing file /opt/airflow/dags/exampledag.py for tasks to queue
[2025-12-02T06:27:44.108+0000] {logging_mixin.py:188} INFO - [2025-12-02T06:27:44.107+0000] {dagbag.py:545} INFO - Filling up the DagBag from /opt/airflow/dags/exampledag.py
[2025-12-02T06:27:44.808+0000] {logging_mixin.py:188} INFO - [2025-12-02T06:27:44.528+0000] {dagbag.py:355} ERROR - Failed to import: /opt/airflow/dags/exampledag.py
Traceback (most recent call last):
  File "/home/airflow/.local/lib/python3.12/site-packages/airflow/models/dagbag.py", line 351, in parse
    loader.exec_module(new_module)
  File "<frozen importlib._bootstrap_external>", line 995, in exec_module
  File "<frozen importlib._bootstrap>", line 488, in _call_with_frames_removed
  File "/opt/airflow/dags/exampledag.py", line 23, in <module>
    from airflow.sdk import Asset, dag, task
ModuleNotFoundError: No module named 'airflow.sdk'
[2025-12-02T06:27:44.931+0000] {processor.py:842} WARNING - No viable dags retrieved from /opt/airflow/dags/exampledag.py
[2025-12-02T06:27:45.039+0000] {processor.py:183} INFO - Processing /opt/airflow/dags/exampledag.py took 0.959 seconds
[2025-12-02T06:28:15.218+0000] {processor.py:161} INFO - Started process (PID=13006) to work on /opt/airflow/dags/exampledag.py
[2025-12-02T06:28:15.220+0000] {processor.py:830} INFO - Processing file /opt/airflow/dags/exampledag.py for tasks to queue
[2025-12-02T06:28:15.228+0000] {logging_mixin.py:188} INFO - [2025-12-02T06:28:15.227+0000] {dagbag.py:545} INFO - Filling up the DagBag from /opt/airflow/dags/exampledag.py
[2025-12-02T06:28:15.271+0000] {logging_mixin.py:188} INFO - [2025-12-02T06:28:15.263+0000] {dagbag.py:355} ERROR - Failed to import: /opt/airflow/dags/exampledag.py
Traceback (most recent call last):
  File "/home/airflow/.local/lib/python3.12/site-packages/airflow/models/dagbag.py", line 351, in parse
    loader.exec_module(new_module)
  File "<frozen importlib._bootstrap_external>", line 995, in exec_module
  File "<frozen importlib._bootstrap>", line 488, in _call_with_frames_removed
  File "/opt/airflow/dags/exampledag.py", line 23, in <module>
    from airflow.sdk import Asset, dag, task
ModuleNotFoundError: No module named 'airflow.sdk'
[2025-12-02T06:28:15.274+0000] {processor.py:842} WARNING - No viable dags retrieved from /opt/airflow/dags/exampledag.py
[2025-12-02T06:28:15.324+0000] {processor.py:183} INFO - Processing /opt/airflow/dags/exampledag.py took 0.123 seconds
[2025-12-02T06:28:45.419+0000] {processor.py:161} INFO - Started process (PID=13066) to work on /opt/airflow/dags/exampledag.py
[2025-12-02T06:28:45.420+0000] {processor.py:830} INFO - Processing file /opt/airflow/dags/exampledag.py for tasks to queue
[2025-12-02T06:28:45.423+0000] {logging_mixin.py:188} INFO - [2025-12-02T06:28:45.423+0000] {dagbag.py:545} INFO - Filling up the DagBag from /opt/airflow/dags/exampledag.py
[2025-12-02T06:28:45.437+0000] {logging_mixin.py:188} INFO - [2025-12-02T06:28:45.434+0000] {dagbag.py:355} ERROR - Failed to import: /opt/airflow/dags/exampledag.py
Traceback (most recent call last):
  File "/home/airflow/.local/lib/python3.12/site-packages/airflow/models/dagbag.py", line 351, in parse
    loader.exec_module(new_module)
  File "<frozen importlib._bootstrap_external>", line 995, in exec_module
  File "<frozen importlib._bootstrap>", line 488, in _call_with_frames_removed
  File "/opt/airflow/dags/exampledag.py", line 23, in <module>
    from airflow.sdk import Asset, dag, task
ModuleNotFoundError: No module named 'airflow.sdk'
[2025-12-02T06:28:45.439+0000] {processor.py:842} WARNING - No viable dags retrieved from /opt/airflow/dags/exampledag.py
[2025-12-02T06:28:45.459+0000] {processor.py:183} INFO - Processing /opt/airflow/dags/exampledag.py took 0.048 seconds
[2025-12-02T06:29:16.087+0000] {processor.py:161} INFO - Started process (PID=13125) to work on /opt/airflow/dags/exampledag.py
[2025-12-02T06:29:16.088+0000] {processor.py:830} INFO - Processing file /opt/airflow/dags/exampledag.py for tasks to queue
[2025-12-02T06:29:16.093+0000] {logging_mixin.py:188} INFO - [2025-12-02T06:29:16.093+0000] {dagbag.py:545} INFO - Filling up the DagBag from /opt/airflow/dags/exampledag.py
[2025-12-02T06:29:16.121+0000] {logging_mixin.py:188} INFO - [2025-12-02T06:29:16.115+0000] {dagbag.py:355} ERROR - Failed to import: /opt/airflow/dags/exampledag.py
Traceback (most recent call last):
  File "/home/airflow/.local/lib/python3.12/site-packages/airflow/models/dagbag.py", line 351, in parse
    loader.exec_module(new_module)
  File "<frozen importlib._bootstrap_external>", line 995, in exec_module
  File "<frozen importlib._bootstrap>", line 488, in _call_with_frames_removed
  File "/opt/airflow/dags/exampledag.py", line 23, in <module>
    from airflow.sdk import Asset, dag, task
ModuleNotFoundError: No module named 'airflow.sdk'
[2025-12-02T06:29:16.124+0000] {processor.py:842} WARNING - No viable dags retrieved from /opt/airflow/dags/exampledag.py
[2025-12-02T06:29:16.168+0000] {processor.py:183} INFO - Processing /opt/airflow/dags/exampledag.py took 0.092 seconds
[2025-12-02T06:29:46.916+0000] {processor.py:161} INFO - Started process (PID=13184) to work on /opt/airflow/dags/exampledag.py
[2025-12-02T06:29:46.920+0000] {processor.py:830} INFO - Processing file /opt/airflow/dags/exampledag.py for tasks to queue
[2025-12-02T06:29:46.931+0000] {logging_mixin.py:188} INFO - [2025-12-02T06:29:46.930+0000] {dagbag.py:545} INFO - Filling up the DagBag from /opt/airflow/dags/exampledag.py
[2025-12-02T06:29:46.983+0000] {logging_mixin.py:188} INFO - [2025-12-02T06:29:46.978+0000] {dagbag.py:355} ERROR - Failed to import: /opt/airflow/dags/exampledag.py
Traceback (most recent call last):
  File "/home/airflow/.local/lib/python3.12/site-packages/airflow/models/dagbag.py", line 351, in parse
    loader.exec_module(new_module)
  File "<frozen importlib._bootstrap_external>", line 995, in exec_module
  File "<frozen importlib._bootstrap>", line 488, in _call_with_frames_removed
  File "/opt/airflow/dags/exampledag.py", line 23, in <module>
    from airflow.sdk import Asset, dag, task
ModuleNotFoundError: No module named 'airflow.sdk'
[2025-12-02T06:29:46.985+0000] {processor.py:842} WARNING - No viable dags retrieved from /opt/airflow/dags/exampledag.py
[2025-12-02T06:29:47.042+0000] {processor.py:183} INFO - Processing /opt/airflow/dags/exampledag.py took 0.146 seconds
[2025-12-02T06:30:17.814+0000] {processor.py:161} INFO - Started process (PID=13243) to work on /opt/airflow/dags/exampledag.py
[2025-12-02T06:30:17.830+0000] {processor.py:830} INFO - Processing file /opt/airflow/dags/exampledag.py for tasks to queue
[2025-12-02T06:30:17.928+0000] {logging_mixin.py:188} INFO - [2025-12-02T06:30:17.927+0000] {dagbag.py:545} INFO - Filling up the DagBag from /opt/airflow/dags/exampledag.py
[2025-12-02T06:30:19.181+0000] {logging_mixin.py:188} INFO - [2025-12-02T06:30:19.122+0000] {dagbag.py:355} ERROR - Failed to import: /opt/airflow/dags/exampledag.py
Traceback (most recent call last):
  File "/home/airflow/.local/lib/python3.12/site-packages/airflow/models/dagbag.py", line 351, in parse
    loader.exec_module(new_module)
  File "<frozen importlib._bootstrap_external>", line 995, in exec_module
  File "<frozen importlib._bootstrap>", line 488, in _call_with_frames_removed
  File "/opt/airflow/dags/exampledag.py", line 23, in <module>
    from airflow.sdk import Asset, dag, task
ModuleNotFoundError: No module named 'airflow.sdk'
[2025-12-02T06:30:19.198+0000] {processor.py:842} WARNING - No viable dags retrieved from /opt/airflow/dags/exampledag.py
[2025-12-02T06:30:19.344+0000] {processor.py:183} INFO - Processing /opt/airflow/dags/exampledag.py took 1.550 seconds
[2025-12-02T06:30:50.340+0000] {processor.py:161} INFO - Started process (PID=13302) to work on /opt/airflow/dags/exampledag.py
[2025-12-02T06:30:50.341+0000] {processor.py:830} INFO - Processing file /opt/airflow/dags/exampledag.py for tasks to queue
[2025-12-02T06:30:50.344+0000] {logging_mixin.py:188} INFO - [2025-12-02T06:30:50.343+0000] {dagbag.py:545} INFO - Filling up the DagBag from /opt/airflow/dags/exampledag.py
[2025-12-02T06:30:50.359+0000] {logging_mixin.py:188} INFO - [2025-12-02T06:30:50.355+0000] {dagbag.py:355} ERROR - Failed to import: /opt/airflow/dags/exampledag.py
Traceback (most recent call last):
  File "/home/airflow/.local/lib/python3.12/site-packages/airflow/models/dagbag.py", line 351, in parse
    loader.exec_module(new_module)
  File "<frozen importlib._bootstrap_external>", line 995, in exec_module
  File "<frozen importlib._bootstrap>", line 488, in _call_with_frames_removed
  File "/opt/airflow/dags/exampledag.py", line 23, in <module>
    from airflow.sdk import Asset, dag, task
ModuleNotFoundError: No module named 'airflow.sdk'
[2025-12-02T06:30:50.361+0000] {processor.py:842} WARNING - No viable dags retrieved from /opt/airflow/dags/exampledag.py
[2025-12-02T06:30:50.385+0000] {processor.py:183} INFO - Processing /opt/airflow/dags/exampledag.py took 0.054 seconds
[2025-12-02T06:31:20.915+0000] {processor.py:161} INFO - Started process (PID=13361) to work on /opt/airflow/dags/exampledag.py
[2025-12-02T06:31:20.917+0000] {processor.py:830} INFO - Processing file /opt/airflow/dags/exampledag.py for tasks to queue
[2025-12-02T06:31:20.926+0000] {logging_mixin.py:188} INFO - [2025-12-02T06:31:20.925+0000] {dagbag.py:545} INFO - Filling up the DagBag from /opt/airflow/dags/exampledag.py
[2025-12-02T06:31:21.040+0000] {logging_mixin.py:188} INFO - [2025-12-02T06:31:21.005+0000] {dagbag.py:355} ERROR - Failed to import: /opt/airflow/dags/exampledag.py
Traceback (most recent call last):
  File "/home/airflow/.local/lib/python3.12/site-packages/airflow/models/dagbag.py", line 351, in parse
    loader.exec_module(new_module)
  File "<frozen importlib._bootstrap_external>", line 995, in exec_module
  File "<frozen importlib._bootstrap>", line 488, in _call_with_frames_removed
  File "/opt/airflow/dags/exampledag.py", line 23, in <module>
    from airflow.sdk import Asset, dag, task
ModuleNotFoundError: No module named 'airflow.sdk'
[2025-12-02T06:31:21.051+0000] {processor.py:842} WARNING - No viable dags retrieved from /opt/airflow/dags/exampledag.py
[2025-12-02T06:31:21.174+0000] {processor.py:183} INFO - Processing /opt/airflow/dags/exampledag.py took 0.278 seconds
[2025-12-02T06:31:51.743+0000] {processor.py:161} INFO - Started process (PID=13419) to work on /opt/airflow/dags/exampledag.py
[2025-12-02T06:31:51.744+0000] {processor.py:830} INFO - Processing file /opt/airflow/dags/exampledag.py for tasks to queue
[2025-12-02T06:31:51.747+0000] {logging_mixin.py:188} INFO - [2025-12-02T06:31:51.747+0000] {dagbag.py:545} INFO - Filling up the DagBag from /opt/airflow/dags/exampledag.py
[2025-12-02T06:31:51.765+0000] {logging_mixin.py:188} INFO - [2025-12-02T06:31:51.761+0000] {dagbag.py:355} ERROR - Failed to import: /opt/airflow/dags/exampledag.py
Traceback (most recent call last):
  File "/home/airflow/.local/lib/python3.12/site-packages/airflow/models/dagbag.py", line 351, in parse
    loader.exec_module(new_module)
  File "<frozen importlib._bootstrap_external>", line 995, in exec_module
  File "<frozen importlib._bootstrap>", line 488, in _call_with_frames_removed
  File "/opt/airflow/dags/exampledag.py", line 23, in <module>
    from airflow.sdk import Asset, dag, task
ModuleNotFoundError: No module named 'airflow.sdk'
[2025-12-02T06:31:51.767+0000] {processor.py:842} WARNING - No viable dags retrieved from /opt/airflow/dags/exampledag.py
[2025-12-02T06:31:51.802+0000] {processor.py:183} INFO - Processing /opt/airflow/dags/exampledag.py took 0.068 seconds
[2025-12-02T06:32:22.015+0000] {processor.py:161} INFO - Started process (PID=13479) to work on /opt/airflow/dags/exampledag.py
[2025-12-02T06:32:22.017+0000] {processor.py:830} INFO - Processing file /opt/airflow/dags/exampledag.py for tasks to queue
[2025-12-02T06:32:22.022+0000] {logging_mixin.py:188} INFO - [2025-12-02T06:32:22.020+0000] {dagbag.py:545} INFO - Filling up the DagBag from /opt/airflow/dags/exampledag.py
[2025-12-02T06:32:22.050+0000] {logging_mixin.py:188} INFO - [2025-12-02T06:32:22.045+0000] {dagbag.py:355} ERROR - Failed to import: /opt/airflow/dags/exampledag.py
Traceback (most recent call last):
  File "/home/airflow/.local/lib/python3.12/site-packages/airflow/models/dagbag.py", line 351, in parse
    loader.exec_module(new_module)
  File "<frozen importlib._bootstrap_external>", line 995, in exec_module
  File "<frozen importlib._bootstrap>", line 488, in _call_with_frames_removed
  File "/opt/airflow/dags/exampledag.py", line 23, in <module>
    from airflow.sdk import Asset, dag, task
ModuleNotFoundError: No module named 'airflow.sdk'
[2025-12-02T06:32:22.053+0000] {processor.py:842} WARNING - No viable dags retrieved from /opt/airflow/dags/exampledag.py
[2025-12-02T06:32:22.088+0000] {processor.py:183} INFO - Processing /opt/airflow/dags/exampledag.py took 0.089 seconds
[2025-12-02T06:32:52.741+0000] {processor.py:161} INFO - Started process (PID=13539) to work on /opt/airflow/dags/exampledag.py
[2025-12-02T06:32:52.743+0000] {processor.py:830} INFO - Processing file /opt/airflow/dags/exampledag.py for tasks to queue
[2025-12-02T06:32:52.746+0000] {logging_mixin.py:188} INFO - [2025-12-02T06:32:52.746+0000] {dagbag.py:545} INFO - Filling up the DagBag from /opt/airflow/dags/exampledag.py
[2025-12-02T06:32:52.763+0000] {logging_mixin.py:188} INFO - [2025-12-02T06:32:52.759+0000] {dagbag.py:355} ERROR - Failed to import: /opt/airflow/dags/exampledag.py
Traceback (most recent call last):
  File "/home/airflow/.local/lib/python3.12/site-packages/airflow/models/dagbag.py", line 351, in parse
    loader.exec_module(new_module)
  File "<frozen importlib._bootstrap_external>", line 995, in exec_module
  File "<frozen importlib._bootstrap>", line 488, in _call_with_frames_removed
  File "/opt/airflow/dags/exampledag.py", line 23, in <module>
    from airflow.sdk import Asset, dag, task
ModuleNotFoundError: No module named 'airflow.sdk'
[2025-12-02T06:32:52.765+0000] {processor.py:842} WARNING - No viable dags retrieved from /opt/airflow/dags/exampledag.py
[2025-12-02T06:32:52.794+0000] {processor.py:183} INFO - Processing /opt/airflow/dags/exampledag.py took 0.065 seconds
[2025-12-02T06:33:24.142+0000] {processor.py:161} INFO - Started process (PID=13597) to work on /opt/airflow/dags/exampledag.py
[2025-12-02T06:33:24.168+0000] {processor.py:830} INFO - Processing file /opt/airflow/dags/exampledag.py for tasks to queue
[2025-12-02T06:33:24.205+0000] {logging_mixin.py:188} INFO - [2025-12-02T06:33:24.205+0000] {dagbag.py:545} INFO - Filling up the DagBag from /opt/airflow/dags/exampledag.py
[2025-12-02T06:33:24.393+0000] {logging_mixin.py:188} INFO - [2025-12-02T06:33:24.289+0000] {dagbag.py:355} ERROR - Failed to import: /opt/airflow/dags/exampledag.py
Traceback (most recent call last):
  File "/home/airflow/.local/lib/python3.12/site-packages/airflow/models/dagbag.py", line 351, in parse
    loader.exec_module(new_module)
  File "<frozen importlib._bootstrap_external>", line 995, in exec_module
  File "<frozen importlib._bootstrap>", line 488, in _call_with_frames_removed
  File "/opt/airflow/dags/exampledag.py", line 23, in <module>
    from airflow.sdk import Asset, dag, task
ModuleNotFoundError: No module named 'airflow.sdk'
[2025-12-02T06:33:24.462+0000] {processor.py:842} WARNING - No viable dags retrieved from /opt/airflow/dags/exampledag.py
[2025-12-02T06:33:24.545+0000] {processor.py:183} INFO - Processing /opt/airflow/dags/exampledag.py took 0.510 seconds
[2025-12-02T06:33:54.939+0000] {processor.py:161} INFO - Started process (PID=13656) to work on /opt/airflow/dags/exampledag.py
[2025-12-02T06:33:54.941+0000] {processor.py:830} INFO - Processing file /opt/airflow/dags/exampledag.py for tasks to queue
[2025-12-02T06:33:54.946+0000] {logging_mixin.py:188} INFO - [2025-12-02T06:33:54.945+0000] {dagbag.py:545} INFO - Filling up the DagBag from /opt/airflow/dags/exampledag.py
[2025-12-02T06:33:54.988+0000] {logging_mixin.py:188} INFO - [2025-12-02T06:33:54.977+0000] {dagbag.py:355} ERROR - Failed to import: /opt/airflow/dags/exampledag.py
Traceback (most recent call last):
  File "/home/airflow/.local/lib/python3.12/site-packages/airflow/models/dagbag.py", line 351, in parse
    loader.exec_module(new_module)
  File "<frozen importlib._bootstrap_external>", line 995, in exec_module
  File "<frozen importlib._bootstrap>", line 488, in _call_with_frames_removed
  File "/opt/airflow/dags/exampledag.py", line 23, in <module>
    from airflow.sdk import Asset, dag, task
ModuleNotFoundError: No module named 'airflow.sdk'
[2025-12-02T06:33:54.990+0000] {processor.py:842} WARNING - No viable dags retrieved from /opt/airflow/dags/exampledag.py
[2025-12-02T06:33:55.047+0000] {processor.py:183} INFO - Processing /opt/airflow/dags/exampledag.py took 0.124 seconds
[2025-12-02T06:34:26.086+0000] {processor.py:161} INFO - Started process (PID=13715) to work on /opt/airflow/dags/exampledag.py
[2025-12-02T06:34:26.088+0000] {processor.py:830} INFO - Processing file /opt/airflow/dags/exampledag.py for tasks to queue
[2025-12-02T06:34:26.091+0000] {logging_mixin.py:188} INFO - [2025-12-02T06:34:26.090+0000] {dagbag.py:545} INFO - Filling up the DagBag from /opt/airflow/dags/exampledag.py
[2025-12-02T06:34:26.109+0000] {logging_mixin.py:188} INFO - [2025-12-02T06:34:26.105+0000] {dagbag.py:355} ERROR - Failed to import: /opt/airflow/dags/exampledag.py
Traceback (most recent call last):
  File "/home/airflow/.local/lib/python3.12/site-packages/airflow/models/dagbag.py", line 351, in parse
    loader.exec_module(new_module)
  File "<frozen importlib._bootstrap_external>", line 995, in exec_module
  File "<frozen importlib._bootstrap>", line 488, in _call_with_frames_removed
  File "/opt/airflow/dags/exampledag.py", line 23, in <module>
    from airflow.sdk import Asset, dag, task
ModuleNotFoundError: No module named 'airflow.sdk'
[2025-12-02T06:34:26.111+0000] {processor.py:842} WARNING - No viable dags retrieved from /opt/airflow/dags/exampledag.py
[2025-12-02T06:34:26.144+0000] {processor.py:183} INFO - Processing /opt/airflow/dags/exampledag.py took 0.067 seconds
[2025-12-02T06:34:56.379+0000] {processor.py:161} INFO - Started process (PID=13775) to work on /opt/airflow/dags/exampledag.py
[2025-12-02T06:34:56.383+0000] {processor.py:830} INFO - Processing file /opt/airflow/dags/exampledag.py for tasks to queue
[2025-12-02T06:34:56.386+0000] {logging_mixin.py:188} INFO - [2025-12-02T06:34:56.386+0000] {dagbag.py:545} INFO - Filling up the DagBag from /opt/airflow/dags/exampledag.py
[2025-12-02T06:34:56.409+0000] {logging_mixin.py:188} INFO - [2025-12-02T06:34:56.405+0000] {dagbag.py:355} ERROR - Failed to import: /opt/airflow/dags/exampledag.py
Traceback (most recent call last):
  File "/home/airflow/.local/lib/python3.12/site-packages/airflow/models/dagbag.py", line 351, in parse
    loader.exec_module(new_module)
  File "<frozen importlib._bootstrap_external>", line 995, in exec_module
  File "<frozen importlib._bootstrap>", line 488, in _call_with_frames_removed
  File "/opt/airflow/dags/exampledag.py", line 23, in <module>
    from airflow.sdk import Asset, dag, task
ModuleNotFoundError: No module named 'airflow.sdk'
[2025-12-02T06:34:56.410+0000] {processor.py:842} WARNING - No viable dags retrieved from /opt/airflow/dags/exampledag.py
[2025-12-02T06:34:56.436+0000] {processor.py:183} INFO - Processing /opt/airflow/dags/exampledag.py took 0.070 seconds
[2025-12-02T06:35:26.661+0000] {processor.py:161} INFO - Started process (PID=13834) to work on /opt/airflow/dags/exampledag.py
[2025-12-02T06:35:26.663+0000] {processor.py:830} INFO - Processing file /opt/airflow/dags/exampledag.py for tasks to queue
[2025-12-02T06:35:26.665+0000] {logging_mixin.py:188} INFO - [2025-12-02T06:35:26.665+0000] {dagbag.py:545} INFO - Filling up the DagBag from /opt/airflow/dags/exampledag.py
[2025-12-02T06:35:26.685+0000] {logging_mixin.py:188} INFO - [2025-12-02T06:35:26.680+0000] {dagbag.py:355} ERROR - Failed to import: /opt/airflow/dags/exampledag.py
Traceback (most recent call last):
  File "/home/airflow/.local/lib/python3.12/site-packages/airflow/models/dagbag.py", line 351, in parse
    loader.exec_module(new_module)
  File "<frozen importlib._bootstrap_external>", line 995, in exec_module
  File "<frozen importlib._bootstrap>", line 488, in _call_with_frames_removed
  File "/opt/airflow/dags/exampledag.py", line 23, in <module>
    from airflow.sdk import Asset, dag, task
ModuleNotFoundError: No module named 'airflow.sdk'
[2025-12-02T06:35:26.686+0000] {processor.py:842} WARNING - No viable dags retrieved from /opt/airflow/dags/exampledag.py
[2025-12-02T06:35:26.716+0000] {processor.py:183} INFO - Processing /opt/airflow/dags/exampledag.py took 0.067 seconds
[2025-12-02T06:35:56.826+0000] {processor.py:161} INFO - Started process (PID=13893) to work on /opt/airflow/dags/exampledag.py
[2025-12-02T06:35:56.828+0000] {processor.py:830} INFO - Processing file /opt/airflow/dags/exampledag.py for tasks to queue
[2025-12-02T06:35:56.831+0000] {logging_mixin.py:188} INFO - [2025-12-02T06:35:56.830+0000] {dagbag.py:545} INFO - Filling up the DagBag from /opt/airflow/dags/exampledag.py
[2025-12-02T06:35:56.875+0000] {logging_mixin.py:188} INFO - [2025-12-02T06:35:56.856+0000] {dagbag.py:355} ERROR - Failed to import: /opt/airflow/dags/exampledag.py
Traceback (most recent call last):
  File "/home/airflow/.local/lib/python3.12/site-packages/airflow/models/dagbag.py", line 351, in parse
    loader.exec_module(new_module)
  File "<frozen importlib._bootstrap_external>", line 995, in exec_module
  File "<frozen importlib._bootstrap>", line 488, in _call_with_frames_removed
  File "/opt/airflow/dags/exampledag.py", line 23, in <module>
    from airflow.sdk import Asset, dag, task
ModuleNotFoundError: No module named 'airflow.sdk'
[2025-12-02T06:35:56.878+0000] {processor.py:842} WARNING - No viable dags retrieved from /opt/airflow/dags/exampledag.py
[2025-12-02T06:35:56.947+0000] {processor.py:183} INFO - Processing /opt/airflow/dags/exampledag.py took 0.131 seconds
[2025-12-02T06:36:27.531+0000] {processor.py:161} INFO - Started process (PID=13944) to work on /opt/airflow/dags/exampledag.py
[2025-12-02T06:36:27.534+0000] {processor.py:830} INFO - Processing file /opt/airflow/dags/exampledag.py for tasks to queue
[2025-12-02T06:36:27.549+0000] {logging_mixin.py:188} INFO - [2025-12-02T06:36:27.549+0000] {dagbag.py:545} INFO - Filling up the DagBag from /opt/airflow/dags/exampledag.py
[2025-12-02T06:36:28.007+0000] {logging_mixin.py:188} INFO - [2025-12-02T06:36:27.989+0000] {dagbag.py:355} ERROR - Failed to import: /opt/airflow/dags/exampledag.py
Traceback (most recent call last):
  File "/home/airflow/.local/lib/python3.12/site-packages/airflow/models/dagbag.py", line 351, in parse
    loader.exec_module(new_module)
  File "<frozen importlib._bootstrap_external>", line 995, in exec_module
  File "<frozen importlib._bootstrap>", line 488, in _call_with_frames_removed
  File "/opt/airflow/dags/exampledag.py", line 23, in <module>
    from airflow.sdk import Asset, dag, task
ModuleNotFoundError: No module named 'airflow.sdk'
[2025-12-02T06:36:28.017+0000] {processor.py:842} WARNING - No viable dags retrieved from /opt/airflow/dags/exampledag.py
[2025-12-02T06:36:28.295+0000] {processor.py:183} INFO - Processing /opt/airflow/dags/exampledag.py took 0.794 seconds
[2025-12-02T06:36:58.933+0000] {processor.py:161} INFO - Started process (PID=14002) to work on /opt/airflow/dags/exampledag.py
[2025-12-02T06:36:58.935+0000] {processor.py:830} INFO - Processing file /opt/airflow/dags/exampledag.py for tasks to queue
[2025-12-02T06:36:58.943+0000] {logging_mixin.py:188} INFO - [2025-12-02T06:36:58.942+0000] {dagbag.py:545} INFO - Filling up the DagBag from /opt/airflow/dags/exampledag.py
[2025-12-02T06:36:59.023+0000] {logging_mixin.py:188} INFO - [2025-12-02T06:36:59.009+0000] {dagbag.py:355} ERROR - Failed to import: /opt/airflow/dags/exampledag.py
Traceback (most recent call last):
  File "/home/airflow/.local/lib/python3.12/site-packages/airflow/models/dagbag.py", line 351, in parse
    loader.exec_module(new_module)
  File "<frozen importlib._bootstrap_external>", line 995, in exec_module
  File "<frozen importlib._bootstrap>", line 488, in _call_with_frames_removed
  File "/opt/airflow/dags/exampledag.py", line 23, in <module>
    from airflow.sdk import Asset, dag, task
ModuleNotFoundError: No module named 'airflow.sdk'
[2025-12-02T06:36:59.026+0000] {processor.py:842} WARNING - No viable dags retrieved from /opt/airflow/dags/exampledag.py
[2025-12-02T06:36:59.053+0000] {processor.py:183} INFO - Processing /opt/airflow/dags/exampledag.py took 0.186 seconds
[2025-12-02T06:37:30.051+0000] {processor.py:161} INFO - Started process (PID=14067) to work on /opt/airflow/dags/exampledag.py
[2025-12-02T06:37:30.053+0000] {processor.py:830} INFO - Processing file /opt/airflow/dags/exampledag.py for tasks to queue
[2025-12-02T06:37:30.055+0000] {logging_mixin.py:188} INFO - [2025-12-02T06:37:30.055+0000] {dagbag.py:545} INFO - Filling up the DagBag from /opt/airflow/dags/exampledag.py
[2025-12-02T06:37:30.120+0000] {logging_mixin.py:188} INFO - [2025-12-02T06:37:30.069+0000] {dagbag.py:355} ERROR - Failed to import: /opt/airflow/dags/exampledag.py
Traceback (most recent call last):
  File "/home/airflow/.local/lib/python3.12/site-packages/airflow/models/dagbag.py", line 351, in parse
    loader.exec_module(new_module)
  File "<frozen importlib._bootstrap_external>", line 995, in exec_module
  File "<frozen importlib._bootstrap>", line 488, in _call_with_frames_removed
  File "/opt/airflow/dags/exampledag.py", line 23, in <module>
    from airflow.sdk import Asset, dag, task
ModuleNotFoundError: No module named 'airflow.sdk'
[2025-12-02T06:37:30.144+0000] {processor.py:842} WARNING - No viable dags retrieved from /opt/airflow/dags/exampledag.py
[2025-12-02T06:37:30.243+0000] {processor.py:183} INFO - Processing /opt/airflow/dags/exampledag.py took 0.213 seconds
[2025-12-02T06:38:01.427+0000] {processor.py:161} INFO - Started process (PID=14126) to work on /opt/airflow/dags/exampledag.py
[2025-12-02T06:38:01.443+0000] {processor.py:830} INFO - Processing file /opt/airflow/dags/exampledag.py for tasks to queue
[2025-12-02T06:38:01.451+0000] {logging_mixin.py:188} INFO - [2025-12-02T06:38:01.450+0000] {dagbag.py:545} INFO - Filling up the DagBag from /opt/airflow/dags/exampledag.py
[2025-12-02T06:38:01.509+0000] {logging_mixin.py:188} INFO - [2025-12-02T06:38:01.500+0000] {dagbag.py:355} ERROR - Failed to import: /opt/airflow/dags/exampledag.py
Traceback (most recent call last):
  File "/home/airflow/.local/lib/python3.12/site-packages/airflow/models/dagbag.py", line 351, in parse
    loader.exec_module(new_module)
  File "<frozen importlib._bootstrap_external>", line 995, in exec_module
  File "<frozen importlib._bootstrap>", line 488, in _call_with_frames_removed
  File "/opt/airflow/dags/exampledag.py", line 23, in <module>
    from airflow.sdk import Asset, dag, task
ModuleNotFoundError: No module named 'airflow.sdk'
[2025-12-02T06:38:01.510+0000] {processor.py:842} WARNING - No viable dags retrieved from /opt/airflow/dags/exampledag.py
[2025-12-02T06:38:01.560+0000] {processor.py:183} INFO - Processing /opt/airflow/dags/exampledag.py took 0.174 seconds
[2025-12-02T06:38:31.853+0000] {processor.py:161} INFO - Started process (PID=14185) to work on /opt/airflow/dags/exampledag.py
[2025-12-02T06:38:31.855+0000] {processor.py:830} INFO - Processing file /opt/airflow/dags/exampledag.py for tasks to queue
[2025-12-02T06:38:31.858+0000] {logging_mixin.py:188} INFO - [2025-12-02T06:38:31.858+0000] {dagbag.py:545} INFO - Filling up the DagBag from /opt/airflow/dags/exampledag.py
[2025-12-02T06:38:31.874+0000] {logging_mixin.py:188} INFO - [2025-12-02T06:38:31.870+0000] {dagbag.py:355} ERROR - Failed to import: /opt/airflow/dags/exampledag.py
Traceback (most recent call last):
  File "/home/airflow/.local/lib/python3.12/site-packages/airflow/models/dagbag.py", line 351, in parse
    loader.exec_module(new_module)
  File "<frozen importlib._bootstrap_external>", line 995, in exec_module
  File "<frozen importlib._bootstrap>", line 488, in _call_with_frames_removed
  File "/opt/airflow/dags/exampledag.py", line 23, in <module>
    from airflow.sdk import Asset, dag, task
ModuleNotFoundError: No module named 'airflow.sdk'
[2025-12-02T06:38:31.876+0000] {processor.py:842} WARNING - No viable dags retrieved from /opt/airflow/dags/exampledag.py
[2025-12-02T06:38:31.905+0000] {processor.py:183} INFO - Processing /opt/airflow/dags/exampledag.py took 0.062 seconds
[2025-12-02T06:39:02.458+0000] {processor.py:161} INFO - Started process (PID=14243) to work on /opt/airflow/dags/exampledag.py
[2025-12-02T06:39:02.460+0000] {processor.py:830} INFO - Processing file /opt/airflow/dags/exampledag.py for tasks to queue
[2025-12-02T06:39:02.468+0000] {logging_mixin.py:188} INFO - [2025-12-02T06:39:02.467+0000] {dagbag.py:545} INFO - Filling up the DagBag from /opt/airflow/dags/exampledag.py
[2025-12-02T06:39:02.512+0000] {logging_mixin.py:188} INFO - [2025-12-02T06:39:02.507+0000] {dagbag.py:355} ERROR - Failed to import: /opt/airflow/dags/exampledag.py
Traceback (most recent call last):
  File "/home/airflow/.local/lib/python3.12/site-packages/airflow/models/dagbag.py", line 351, in parse
    loader.exec_module(new_module)
  File "<frozen importlib._bootstrap_external>", line 995, in exec_module
  File "<frozen importlib._bootstrap>", line 488, in _call_with_frames_removed
  File "/opt/airflow/dags/exampledag.py", line 23, in <module>
    from airflow.sdk import Asset, dag, task
ModuleNotFoundError: No module named 'airflow.sdk'
[2025-12-02T06:39:02.514+0000] {processor.py:842} WARNING - No viable dags retrieved from /opt/airflow/dags/exampledag.py
[2025-12-02T06:39:02.559+0000] {processor.py:183} INFO - Processing /opt/airflow/dags/exampledag.py took 0.115 seconds
[2025-12-02T06:39:33.071+0000] {processor.py:161} INFO - Started process (PID=14302) to work on /opt/airflow/dags/exampledag.py
[2025-12-02T06:39:33.077+0000] {processor.py:830} INFO - Processing file /opt/airflow/dags/exampledag.py for tasks to queue
[2025-12-02T06:39:33.087+0000] {logging_mixin.py:188} INFO - [2025-12-02T06:39:33.086+0000] {dagbag.py:545} INFO - Filling up the DagBag from /opt/airflow/dags/exampledag.py
[2025-12-02T06:39:33.138+0000] {logging_mixin.py:188} INFO - [2025-12-02T06:39:33.119+0000] {dagbag.py:355} ERROR - Failed to import: /opt/airflow/dags/exampledag.py
Traceback (most recent call last):
  File "/home/airflow/.local/lib/python3.12/site-packages/airflow/models/dagbag.py", line 351, in parse
    loader.exec_module(new_module)
  File "<frozen importlib._bootstrap_external>", line 995, in exec_module
  File "<frozen importlib._bootstrap>", line 488, in _call_with_frames_removed
  File "/opt/airflow/dags/exampledag.py", line 23, in <module>
    from airflow.sdk import Asset, dag, task
ModuleNotFoundError: No module named 'airflow.sdk'
[2025-12-02T06:39:33.139+0000] {processor.py:842} WARNING - No viable dags retrieved from /opt/airflow/dags/exampledag.py
[2025-12-02T06:39:33.382+0000] {processor.py:183} INFO - Processing /opt/airflow/dags/exampledag.py took 0.338 seconds
[2025-12-02T06:40:03.925+0000] {processor.py:161} INFO - Started process (PID=14361) to work on /opt/airflow/dags/exampledag.py
[2025-12-02T06:40:03.927+0000] {processor.py:830} INFO - Processing file /opt/airflow/dags/exampledag.py for tasks to queue
[2025-12-02T06:40:03.929+0000] {logging_mixin.py:188} INFO - [2025-12-02T06:40:03.929+0000] {dagbag.py:545} INFO - Filling up the DagBag from /opt/airflow/dags/exampledag.py
[2025-12-02T06:40:03.946+0000] {logging_mixin.py:188} INFO - [2025-12-02T06:40:03.942+0000] {dagbag.py:355} ERROR - Failed to import: /opt/airflow/dags/exampledag.py
Traceback (most recent call last):
  File "/home/airflow/.local/lib/python3.12/site-packages/airflow/models/dagbag.py", line 351, in parse
    loader.exec_module(new_module)
  File "<frozen importlib._bootstrap_external>", line 995, in exec_module
  File "<frozen importlib._bootstrap>", line 488, in _call_with_frames_removed
  File "/opt/airflow/dags/exampledag.py", line 23, in <module>
    from airflow.sdk import Asset, dag, task
ModuleNotFoundError: No module named 'airflow.sdk'
[2025-12-02T06:40:03.948+0000] {processor.py:842} WARNING - No viable dags retrieved from /opt/airflow/dags/exampledag.py
[2025-12-02T06:40:03.974+0000] {processor.py:183} INFO - Processing /opt/airflow/dags/exampledag.py took 0.056 seconds
[2025-12-02T06:40:34.746+0000] {processor.py:161} INFO - Started process (PID=14421) to work on /opt/airflow/dags/exampledag.py
[2025-12-02T06:40:34.748+0000] {processor.py:830} INFO - Processing file /opt/airflow/dags/exampledag.py for tasks to queue
[2025-12-02T06:40:34.754+0000] {logging_mixin.py:188} INFO - [2025-12-02T06:40:34.753+0000] {dagbag.py:545} INFO - Filling up the DagBag from /opt/airflow/dags/exampledag.py
[2025-12-02T06:40:34.774+0000] {logging_mixin.py:188} INFO - [2025-12-02T06:40:34.770+0000] {dagbag.py:355} ERROR - Failed to import: /opt/airflow/dags/exampledag.py
Traceback (most recent call last):
  File "/home/airflow/.local/lib/python3.12/site-packages/airflow/models/dagbag.py", line 351, in parse
    loader.exec_module(new_module)
  File "<frozen importlib._bootstrap_external>", line 995, in exec_module
  File "<frozen importlib._bootstrap>", line 488, in _call_with_frames_removed
  File "/opt/airflow/dags/exampledag.py", line 23, in <module>
    from airflow.sdk import Asset, dag, task
ModuleNotFoundError: No module named 'airflow.sdk'
[2025-12-02T06:40:34.775+0000] {processor.py:842} WARNING - No viable dags retrieved from /opt/airflow/dags/exampledag.py
[2025-12-02T06:40:34.813+0000] {processor.py:183} INFO - Processing /opt/airflow/dags/exampledag.py took 0.078 seconds
[2025-12-02T06:41:05.410+0000] {processor.py:161} INFO - Started process (PID=14480) to work on /opt/airflow/dags/exampledag.py
[2025-12-02T06:41:05.411+0000] {processor.py:830} INFO - Processing file /opt/airflow/dags/exampledag.py for tasks to queue
[2025-12-02T06:41:05.414+0000] {logging_mixin.py:188} INFO - [2025-12-02T06:41:05.414+0000] {dagbag.py:545} INFO - Filling up the DagBag from /opt/airflow/dags/exampledag.py
[2025-12-02T06:41:05.430+0000] {logging_mixin.py:188} INFO - [2025-12-02T06:41:05.427+0000] {dagbag.py:355} ERROR - Failed to import: /opt/airflow/dags/exampledag.py
Traceback (most recent call last):
  File "/home/airflow/.local/lib/python3.12/site-packages/airflow/models/dagbag.py", line 351, in parse
    loader.exec_module(new_module)
  File "<frozen importlib._bootstrap_external>", line 995, in exec_module
  File "<frozen importlib._bootstrap>", line 488, in _call_with_frames_removed
  File "/opt/airflow/dags/exampledag.py", line 23, in <module>
    from airflow.sdk import Asset, dag, task
ModuleNotFoundError: No module named 'airflow.sdk'
[2025-12-02T06:41:05.432+0000] {processor.py:842} WARNING - No viable dags retrieved from /opt/airflow/dags/exampledag.py
[2025-12-02T06:41:05.457+0000] {processor.py:183} INFO - Processing /opt/airflow/dags/exampledag.py took 0.056 seconds
[2025-12-02T06:41:35.575+0000] {processor.py:161} INFO - Started process (PID=14538) to work on /opt/airflow/dags/exampledag.py
[2025-12-02T06:41:35.576+0000] {processor.py:830} INFO - Processing file /opt/airflow/dags/exampledag.py for tasks to queue
[2025-12-02T06:41:35.579+0000] {logging_mixin.py:188} INFO - [2025-12-02T06:41:35.578+0000] {dagbag.py:545} INFO - Filling up the DagBag from /opt/airflow/dags/exampledag.py
[2025-12-02T06:41:35.595+0000] {logging_mixin.py:188} INFO - [2025-12-02T06:41:35.590+0000] {dagbag.py:355} ERROR - Failed to import: /opt/airflow/dags/exampledag.py
Traceback (most recent call last):
  File "/home/airflow/.local/lib/python3.12/site-packages/airflow/models/dagbag.py", line 351, in parse
    loader.exec_module(new_module)
  File "<frozen importlib._bootstrap_external>", line 995, in exec_module
  File "<frozen importlib._bootstrap>", line 488, in _call_with_frames_removed
  File "/opt/airflow/dags/exampledag.py", line 23, in <module>
    from airflow.sdk import Asset, dag, task
ModuleNotFoundError: No module named 'airflow.sdk'
[2025-12-02T06:41:35.596+0000] {processor.py:842} WARNING - No viable dags retrieved from /opt/airflow/dags/exampledag.py
[2025-12-02T06:41:35.622+0000] {processor.py:183} INFO - Processing /opt/airflow/dags/exampledag.py took 0.054 seconds
[2025-12-02T06:42:05.789+0000] {processor.py:161} INFO - Started process (PID=14597) to work on /opt/airflow/dags/exampledag.py
[2025-12-02T06:42:05.790+0000] {processor.py:830} INFO - Processing file /opt/airflow/dags/exampledag.py for tasks to queue
[2025-12-02T06:42:05.793+0000] {logging_mixin.py:188} INFO - [2025-12-02T06:42:05.793+0000] {dagbag.py:545} INFO - Filling up the DagBag from /opt/airflow/dags/exampledag.py
[2025-12-02T06:42:05.806+0000] {logging_mixin.py:188} INFO - [2025-12-02T06:42:05.803+0000] {dagbag.py:355} ERROR - Failed to import: /opt/airflow/dags/exampledag.py
Traceback (most recent call last):
  File "/home/airflow/.local/lib/python3.12/site-packages/airflow/models/dagbag.py", line 351, in parse
    loader.exec_module(new_module)
  File "<frozen importlib._bootstrap_external>", line 995, in exec_module
  File "<frozen importlib._bootstrap>", line 488, in _call_with_frames_removed
  File "/opt/airflow/dags/exampledag.py", line 23, in <module>
    from airflow.sdk import Asset, dag, task
ModuleNotFoundError: No module named 'airflow.sdk'
[2025-12-02T06:42:05.808+0000] {processor.py:842} WARNING - No viable dags retrieved from /opt/airflow/dags/exampledag.py
[2025-12-02T06:42:05.830+0000] {processor.py:183} INFO - Processing /opt/airflow/dags/exampledag.py took 0.048 seconds
[2025-12-02T06:42:36.228+0000] {processor.py:161} INFO - Started process (PID=14654) to work on /opt/airflow/dags/exampledag.py
[2025-12-02T06:42:36.229+0000] {processor.py:830} INFO - Processing file /opt/airflow/dags/exampledag.py for tasks to queue
[2025-12-02T06:42:36.232+0000] {logging_mixin.py:188} INFO - [2025-12-02T06:42:36.231+0000] {dagbag.py:545} INFO - Filling up the DagBag from /opt/airflow/dags/exampledag.py
[2025-12-02T06:42:36.248+0000] {logging_mixin.py:188} INFO - [2025-12-02T06:42:36.244+0000] {dagbag.py:355} ERROR - Failed to import: /opt/airflow/dags/exampledag.py
Traceback (most recent call last):
  File "/home/airflow/.local/lib/python3.12/site-packages/airflow/models/dagbag.py", line 351, in parse
    loader.exec_module(new_module)
  File "<frozen importlib._bootstrap_external>", line 995, in exec_module
  File "<frozen importlib._bootstrap>", line 488, in _call_with_frames_removed
  File "/opt/airflow/dags/exampledag.py", line 23, in <module>
    from airflow.sdk import Asset, dag, task
ModuleNotFoundError: No module named 'airflow.sdk'
[2025-12-02T06:42:36.250+0000] {processor.py:842} WARNING - No viable dags retrieved from /opt/airflow/dags/exampledag.py
[2025-12-02T06:42:36.276+0000] {processor.py:183} INFO - Processing /opt/airflow/dags/exampledag.py took 0.055 seconds
[2025-12-02T06:43:06.786+0000] {processor.py:161} INFO - Started process (PID=14713) to work on /opt/airflow/dags/exampledag.py
[2025-12-02T06:43:06.789+0000] {processor.py:830} INFO - Processing file /opt/airflow/dags/exampledag.py for tasks to queue
[2025-12-02T06:43:06.792+0000] {logging_mixin.py:188} INFO - [2025-12-02T06:43:06.792+0000] {dagbag.py:545} INFO - Filling up the DagBag from /opt/airflow/dags/exampledag.py
[2025-12-02T06:43:06.814+0000] {logging_mixin.py:188} INFO - [2025-12-02T06:43:06.809+0000] {dagbag.py:355} ERROR - Failed to import: /opt/airflow/dags/exampledag.py
Traceback (most recent call last):
  File "/home/airflow/.local/lib/python3.12/site-packages/airflow/models/dagbag.py", line 351, in parse
    loader.exec_module(new_module)
  File "<frozen importlib._bootstrap_external>", line 995, in exec_module
  File "<frozen importlib._bootstrap>", line 488, in _call_with_frames_removed
  File "/opt/airflow/dags/exampledag.py", line 23, in <module>
    from airflow.sdk import Asset, dag, task
ModuleNotFoundError: No module named 'airflow.sdk'
[2025-12-02T06:43:06.816+0000] {processor.py:842} WARNING - No viable dags retrieved from /opt/airflow/dags/exampledag.py
[2025-12-02T06:43:06.848+0000] {processor.py:183} INFO - Processing /opt/airflow/dags/exampledag.py took 0.071 seconds
[2025-12-02T06:43:37.365+0000] {processor.py:161} INFO - Started process (PID=14772) to work on /opt/airflow/dags/exampledag.py
[2025-12-02T06:43:37.367+0000] {processor.py:830} INFO - Processing file /opt/airflow/dags/exampledag.py for tasks to queue
[2025-12-02T06:43:37.371+0000] {logging_mixin.py:188} INFO - [2025-12-02T06:43:37.370+0000] {dagbag.py:545} INFO - Filling up the DagBag from /opt/airflow/dags/exampledag.py
[2025-12-02T06:43:37.394+0000] {logging_mixin.py:188} INFO - [2025-12-02T06:43:37.387+0000] {dagbag.py:355} ERROR - Failed to import: /opt/airflow/dags/exampledag.py
Traceback (most recent call last):
  File "/home/airflow/.local/lib/python3.12/site-packages/airflow/models/dagbag.py", line 351, in parse
    loader.exec_module(new_module)
  File "<frozen importlib._bootstrap_external>", line 995, in exec_module
  File "<frozen importlib._bootstrap>", line 488, in _call_with_frames_removed
  File "/opt/airflow/dags/exampledag.py", line 23, in <module>
    from airflow.sdk import Asset, dag, task
ModuleNotFoundError: No module named 'airflow.sdk'
[2025-12-02T06:43:37.396+0000] {processor.py:842} WARNING - No viable dags retrieved from /opt/airflow/dags/exampledag.py
[2025-12-02T06:43:37.430+0000] {processor.py:183} INFO - Processing /opt/airflow/dags/exampledag.py took 0.074 seconds
[2025-12-02T06:44:07.640+0000] {processor.py:161} INFO - Started process (PID=14831) to work on /opt/airflow/dags/exampledag.py
[2025-12-02T06:44:07.642+0000] {processor.py:830} INFO - Processing file /opt/airflow/dags/exampledag.py for tasks to queue
[2025-12-02T06:44:07.645+0000] {logging_mixin.py:188} INFO - [2025-12-02T06:44:07.645+0000] {dagbag.py:545} INFO - Filling up the DagBag from /opt/airflow/dags/exampledag.py
[2025-12-02T06:44:07.664+0000] {logging_mixin.py:188} INFO - [2025-12-02T06:44:07.659+0000] {dagbag.py:355} ERROR - Failed to import: /opt/airflow/dags/exampledag.py
Traceback (most recent call last):
  File "/home/airflow/.local/lib/python3.12/site-packages/airflow/models/dagbag.py", line 351, in parse
    loader.exec_module(new_module)
  File "<frozen importlib._bootstrap_external>", line 995, in exec_module
  File "<frozen importlib._bootstrap>", line 488, in _call_with_frames_removed
  File "/opt/airflow/dags/exampledag.py", line 23, in <module>
    from airflow.sdk import Asset, dag, task
ModuleNotFoundError: No module named 'airflow.sdk'
[2025-12-02T06:44:07.665+0000] {processor.py:842} WARNING - No viable dags retrieved from /opt/airflow/dags/exampledag.py
[2025-12-02T06:44:07.696+0000] {processor.py:183} INFO - Processing /opt/airflow/dags/exampledag.py took 0.064 seconds
[2025-12-02T06:44:38.004+0000] {processor.py:161} INFO - Started process (PID=14887) to work on /opt/airflow/dags/exampledag.py
[2025-12-02T06:44:38.006+0000] {processor.py:830} INFO - Processing file /opt/airflow/dags/exampledag.py for tasks to queue
[2025-12-02T06:44:38.010+0000] {logging_mixin.py:188} INFO - [2025-12-02T06:44:38.009+0000] {dagbag.py:545} INFO - Filling up the DagBag from /opt/airflow/dags/exampledag.py
[2025-12-02T06:44:38.030+0000] {logging_mixin.py:188} INFO - [2025-12-02T06:44:38.026+0000] {dagbag.py:355} ERROR - Failed to import: /opt/airflow/dags/exampledag.py
Traceback (most recent call last):
  File "/home/airflow/.local/lib/python3.12/site-packages/airflow/models/dagbag.py", line 351, in parse
    loader.exec_module(new_module)
  File "<frozen importlib._bootstrap_external>", line 995, in exec_module
  File "<frozen importlib._bootstrap>", line 488, in _call_with_frames_removed
  File "/opt/airflow/dags/exampledag.py", line 23, in <module>
    from airflow.sdk import Asset, dag, task
ModuleNotFoundError: No module named 'airflow.sdk'
[2025-12-02T06:44:38.032+0000] {processor.py:842} WARNING - No viable dags retrieved from /opt/airflow/dags/exampledag.py
[2025-12-02T06:44:38.056+0000] {processor.py:183} INFO - Processing /opt/airflow/dags/exampledag.py took 0.069 seconds
[2025-12-02T06:45:08.302+0000] {processor.py:161} INFO - Started process (PID=14946) to work on /opt/airflow/dags/exampledag.py
[2025-12-02T06:45:08.303+0000] {processor.py:830} INFO - Processing file /opt/airflow/dags/exampledag.py for tasks to queue
[2025-12-02T06:45:08.307+0000] {logging_mixin.py:188} INFO - [2025-12-02T06:45:08.307+0000] {dagbag.py:545} INFO - Filling up the DagBag from /opt/airflow/dags/exampledag.py
[2025-12-02T06:45:08.329+0000] {logging_mixin.py:188} INFO - [2025-12-02T06:45:08.323+0000] {dagbag.py:355} ERROR - Failed to import: /opt/airflow/dags/exampledag.py
Traceback (most recent call last):
  File "/home/airflow/.local/lib/python3.12/site-packages/airflow/models/dagbag.py", line 351, in parse
    loader.exec_module(new_module)
  File "<frozen importlib._bootstrap_external>", line 995, in exec_module
  File "<frozen importlib._bootstrap>", line 488, in _call_with_frames_removed
  File "/opt/airflow/dags/exampledag.py", line 23, in <module>
    from airflow.sdk import Asset, dag, task
ModuleNotFoundError: No module named 'airflow.sdk'
[2025-12-02T06:45:08.330+0000] {processor.py:842} WARNING - No viable dags retrieved from /opt/airflow/dags/exampledag.py
[2025-12-02T06:45:08.359+0000] {processor.py:183} INFO - Processing /opt/airflow/dags/exampledag.py took 0.066 seconds
[2025-12-02T06:45:39.086+0000] {processor.py:161} INFO - Started process (PID=15005) to work on /opt/airflow/dags/exampledag.py
[2025-12-02T06:45:39.088+0000] {processor.py:830} INFO - Processing file /opt/airflow/dags/exampledag.py for tasks to queue
[2025-12-02T06:45:39.091+0000] {logging_mixin.py:188} INFO - [2025-12-02T06:45:39.090+0000] {dagbag.py:545} INFO - Filling up the DagBag from /opt/airflow/dags/exampledag.py
[2025-12-02T06:45:39.108+0000] {logging_mixin.py:188} INFO - [2025-12-02T06:45:39.104+0000] {dagbag.py:355} ERROR - Failed to import: /opt/airflow/dags/exampledag.py
Traceback (most recent call last):
  File "/home/airflow/.local/lib/python3.12/site-packages/airflow/models/dagbag.py", line 351, in parse
    loader.exec_module(new_module)
  File "<frozen importlib._bootstrap_external>", line 995, in exec_module
  File "<frozen importlib._bootstrap>", line 488, in _call_with_frames_removed
  File "/opt/airflow/dags/exampledag.py", line 23, in <module>
    from airflow.sdk import Asset, dag, task
ModuleNotFoundError: No module named 'airflow.sdk'
[2025-12-02T06:45:39.110+0000] {processor.py:842} WARNING - No viable dags retrieved from /opt/airflow/dags/exampledag.py
[2025-12-02T06:45:39.132+0000] {processor.py:183} INFO - Processing /opt/airflow/dags/exampledag.py took 0.055 seconds
[2025-12-02T06:46:09.780+0000] {processor.py:161} INFO - Started process (PID=15064) to work on /opt/airflow/dags/exampledag.py
[2025-12-02T06:46:09.783+0000] {processor.py:830} INFO - Processing file /opt/airflow/dags/exampledag.py for tasks to queue
[2025-12-02T06:46:09.786+0000] {logging_mixin.py:188} INFO - [2025-12-02T06:46:09.786+0000] {dagbag.py:545} INFO - Filling up the DagBag from /opt/airflow/dags/exampledag.py
[2025-12-02T06:46:09.805+0000] {logging_mixin.py:188} INFO - [2025-12-02T06:46:09.801+0000] {dagbag.py:355} ERROR - Failed to import: /opt/airflow/dags/exampledag.py
Traceback (most recent call last):
  File "/home/airflow/.local/lib/python3.12/site-packages/airflow/models/dagbag.py", line 351, in parse
    loader.exec_module(new_module)
  File "<frozen importlib._bootstrap_external>", line 995, in exec_module
  File "<frozen importlib._bootstrap>", line 488, in _call_with_frames_removed
  File "/opt/airflow/dags/exampledag.py", line 23, in <module>
    from airflow.sdk import Asset, dag, task
ModuleNotFoundError: No module named 'airflow.sdk'
[2025-12-02T06:46:09.807+0000] {processor.py:842} WARNING - No viable dags retrieved from /opt/airflow/dags/exampledag.py
[2025-12-02T06:46:09.846+0000] {processor.py:183} INFO - Processing /opt/airflow/dags/exampledag.py took 0.078 seconds
[2025-12-02T06:46:40.144+0000] {processor.py:161} INFO - Started process (PID=15122) to work on /opt/airflow/dags/exampledag.py
[2025-12-02T06:46:40.145+0000] {processor.py:830} INFO - Processing file /opt/airflow/dags/exampledag.py for tasks to queue
[2025-12-02T06:46:40.148+0000] {logging_mixin.py:188} INFO - [2025-12-02T06:46:40.147+0000] {dagbag.py:545} INFO - Filling up the DagBag from /opt/airflow/dags/exampledag.py
[2025-12-02T06:46:40.176+0000] {logging_mixin.py:188} INFO - [2025-12-02T06:46:40.160+0000] {dagbag.py:355} ERROR - Failed to import: /opt/airflow/dags/exampledag.py
Traceback (most recent call last):
  File "/home/airflow/.local/lib/python3.12/site-packages/airflow/models/dagbag.py", line 351, in parse
    loader.exec_module(new_module)
  File "<frozen importlib._bootstrap_external>", line 995, in exec_module
  File "<frozen importlib._bootstrap>", line 488, in _call_with_frames_removed
  File "/opt/airflow/dags/exampledag.py", line 23, in <module>
    from airflow.sdk import Asset, dag, task
ModuleNotFoundError: No module named 'airflow.sdk'
[2025-12-02T06:46:40.179+0000] {processor.py:842} WARNING - No viable dags retrieved from /opt/airflow/dags/exampledag.py
[2025-12-02T06:46:40.211+0000] {processor.py:183} INFO - Processing /opt/airflow/dags/exampledag.py took 0.075 seconds
[2025-12-02T06:47:10.735+0000] {processor.py:161} INFO - Started process (PID=15181) to work on /opt/airflow/dags/exampledag.py
[2025-12-02T06:47:10.736+0000] {processor.py:830} INFO - Processing file /opt/airflow/dags/exampledag.py for tasks to queue
[2025-12-02T06:47:10.738+0000] {logging_mixin.py:188} INFO - [2025-12-02T06:47:10.738+0000] {dagbag.py:545} INFO - Filling up the DagBag from /opt/airflow/dags/exampledag.py
[2025-12-02T06:47:10.759+0000] {logging_mixin.py:188} INFO - [2025-12-02T06:47:10.756+0000] {dagbag.py:355} ERROR - Failed to import: /opt/airflow/dags/exampledag.py
Traceback (most recent call last):
  File "/home/airflow/.local/lib/python3.12/site-packages/airflow/models/dagbag.py", line 351, in parse
    loader.exec_module(new_module)
  File "<frozen importlib._bootstrap_external>", line 995, in exec_module
  File "<frozen importlib._bootstrap>", line 488, in _call_with_frames_removed
  File "/opt/airflow/dags/exampledag.py", line 23, in <module>
    from airflow.sdk import Asset, dag, task
ModuleNotFoundError: No module named 'airflow.sdk'
[2025-12-02T06:47:10.760+0000] {processor.py:842} WARNING - No viable dags retrieved from /opt/airflow/dags/exampledag.py
[2025-12-02T06:47:10.787+0000] {processor.py:183} INFO - Processing /opt/airflow/dags/exampledag.py took 0.060 seconds
