[0m15:31:16.161851 [debug] [MainThread]: Sending event: {'category': 'dbt', 'action': 'invocation', 'label': 'start', 'context': [<snowplow_tracker.self_describing_json.SelfDescribingJson object at 0x000002780DAB6E30>, <snowplow_tracker.self_describing_json.SelfDescribingJson object at 0x000002780FDD8EE0>, <snowplow_tracker.self_describing_json.SelfDescribingJson object at 0x000002780FDD8D00>]}


============================== 15:31:16.166394 | 236e3af4-13bf-4ba4-8443-0460bbfb6030 ==============================
[0m15:31:16.166394 [info ] [MainThread]: Running with dbt=1.10.15
[0m15:31:16.167396 [debug] [MainThread]: running dbt with arguments {'invocation_command': 'dbt init', 'printer_width': '80', 'log_format': 'default', 'profiles_dir': 'C:\\Users\\hoang.lebao\\.dbt', 'target_path': 'None', 'warn_error': 'None', 'log_path': 'logs', 'fail_fast': 'False', 'indirect_selection': 'eager', 'send_anonymous_usage_stats': 'True', 'partial_parse': 'True', 'warn_error_options': 'WarnErrorOptionsV2(error=[], warn=[], silence=[])', 'static_parser': 'True', 'version_check': 'True', 'use_experimental_parser': 'False', 'quiet': 'False', 'introspect': 'True', 'empty': 'None', 'log_cache_events': 'False', 'debug': 'False', 'no_print': 'None', 'use_colors': 'True', 'cache_selected_only': 'False', 'write_json': 'True'}
[0m15:31:37.325732 [debug] [MainThread]: Starter project path: C:\Users\hoang.lebao\Desktop\LEARN\Analytics-Engineering-with-AirBnB\venv\lib\site-packages\dbt\include\starter_project
[0m15:31:37.389901 [info ] [MainThread]: 
Your new dbt project "slowjii" was created!

For more information on how to configure the profiles.yml file,
please consult the dbt documentation here:

  https://docs.getdbt.com/docs/configure-your-profile

One more thing:

Need help? Don't hesitate to reach out to us via GitHub issues or on Slack:

  https://community.getdbt.com/

Happy modeling!

[0m15:31:37.391888 [info ] [MainThread]: Setting up your profile.
[0m15:31:43.217826 [debug] [MainThread]: Snowflake adapter: Setting snowflake.connector to ERROR (file logging only)
[0m15:31:43.218826 [debug] [MainThread]: Snowflake adapter: Setting botocore to ERROR (file logging only)
[0m15:31:43.219825 [debug] [MainThread]: Snowflake adapter: Setting boto3 to ERROR (file logging only)
[0m15:52:11.595673 [info ] [MainThread]: Profile slowjii written to C:\Users\hoang.lebao\.dbt\profiles.yml using target's profile_template.yml and your supplied values. Run 'dbt debug' to validate the connection.
[0m15:52:11.598677 [debug] [MainThread]: Command `dbt init` succeeded at 15:52:11.598677 after 1255.53 seconds
[0m15:52:11.599678 [debug] [MainThread]: Sending event: {'category': 'dbt', 'action': 'invocation', 'label': 'end', 'context': [<snowplow_tracker.self_describing_json.SelfDescribingJson object at 0x000002780DAB6E30>, <snowplow_tracker.self_describing_json.SelfDescribingJson object at 0x000002780FDD8CA0>, <snowplow_tracker.self_describing_json.SelfDescribingJson object at 0x000002780FDD9510>]}
[0m15:52:11.600677 [debug] [MainThread]: Flushing usage events
[0m15:52:12.758927 [debug] [MainThread]: An error was encountered while trying to flush usage events
[0m17:20:04.536353 [debug] [MainThread]: Sending event: {'category': 'dbt', 'action': 'invocation', 'label': 'start', 'context': [<snowplow_tracker.self_describing_json.SelfDescribingJson object at 0x00000222E7986E60>, <snowplow_tracker.self_describing_json.SelfDescribingJson object at 0x00000222E9C8F790>, <snowplow_tracker.self_describing_json.SelfDescribingJson object at 0x00000222E9C8F5E0>]}


============================== 17:20:04.540787 | 082d6d38-ed69-43c8-82c0-acc227b25fbe ==============================
[0m17:20:04.540787 [info ] [MainThread]: Running with dbt=1.10.15
[0m17:20:04.541788 [debug] [MainThread]: running dbt with arguments {'write_json': 'True', 'use_colors': 'True', 'printer_width': '80', 'profiles_dir': 'C:\\Users\\hoang.lebao\\Desktop\\LEARN\\Analytics-Engineering-with-AirBnB', 'no_print': 'None', 'warn_error': 'None', 'log_path': 'logs', 'partial_parse': 'True', 'fail_fast': 'False', 'send_anonymous_usage_stats': 'True', 'indirect_selection': 'eager', 'warn_error_options': 'WarnErrorOptionsV2(error=[], warn=[], silence=[])', 'static_parser': 'True', 'use_experimental_parser': 'False', 'version_check': 'True', 'introspect': 'True', 'quiet': 'False', 'empty': 'False', 'log_cache_events': 'False', 'debug': 'False', 'log_format': 'default', 'invocation_command': 'dbt run', 'cache_selected_only': 'False', 'target_path': 'None'}
[0m17:20:04.542791 [error] [MainThread]: Encountered an error:
Runtime Error
  No dbt_project.yml found at expected path C:\Users\hoang.lebao\Desktop\LEARN\Analytics-Engineering-with-AirBnB\dbt_project.yml
  Verify that each entry within packages.yml (and their transitive dependencies) contains a file named dbt_project.yml
  
[0m17:20:04.543788 [debug] [MainThread]: Command `dbt run` failed at 17:20:04.543788 after 0.10 seconds
[0m17:20:04.544818 [debug] [MainThread]: Sending event: {'category': 'dbt', 'action': 'invocation', 'label': 'end', 'context': [<snowplow_tracker.self_describing_json.SelfDescribingJson object at 0x00000222E7986E60>, <snowplow_tracker.self_describing_json.SelfDescribingJson object at 0x00000222E9C8F8E0>, <snowplow_tracker.self_describing_json.SelfDescribingJson object at 0x00000222E9C8F8B0>]}
[0m17:20:04.545789 [debug] [MainThread]: Flushing usage events
[0m17:20:05.532132 [debug] [MainThread]: An error was encountered while trying to flush usage events
[0m17:23:13.963451 [debug] [MainThread]: Sending event: {'category': 'dbt', 'action': 'invocation', 'label': 'start', 'context': [<snowplow_tracker.self_describing_json.SelfDescribingJson object at 0x000001EE3CE02EF0>, <snowplow_tracker.self_describing_json.SelfDescribingJson object at 0x000001EE3F117A30>, <snowplow_tracker.self_describing_json.SelfDescribingJson object at 0x000001EE3F117850>]}


============================== 17:23:13.967455 | e7d154a2-5288-44da-883e-d4623ceab11c ==============================
[0m17:23:13.967455 [info ] [MainThread]: Running with dbt=1.10.15
[0m17:23:13.969515 [debug] [MainThread]: running dbt with arguments {'no_print': 'None', 'invocation_command': 'dbt run --select dim_hosts_cleansed', 'target_path': 'None', 'log_format': 'default', 'printer_width': '80', 'warn_error': 'None', 'static_parser': 'True', 'partial_parse': 'True', 'fail_fast': 'False', 'send_anonymous_usage_stats': 'True', 'indirect_selection': 'eager', 'warn_error_options': 'WarnErrorOptionsV2(error=[], warn=[], silence=[])', 'log_path': 'logs', 'version_check': 'True', 'use_experimental_parser': 'False', 'introspect': 'True', 'quiet': 'False', 'empty': 'False', 'log_cache_events': 'False', 'debug': 'False', 'profiles_dir': 'C:\\Users\\hoang.lebao\\Desktop\\LEARN\\Analytics-Engineering-with-AirBnB', 'use_colors': 'True', 'cache_selected_only': 'False', 'write_json': 'True'}
[0m17:23:13.970340 [error] [MainThread]: Encountered an error:
Runtime Error
  No dbt_project.yml found at expected path C:\Users\hoang.lebao\Desktop\LEARN\Analytics-Engineering-with-AirBnB\dbt_project.yml
  Verify that each entry within packages.yml (and their transitive dependencies) contains a file named dbt_project.yml
  
[0m17:23:13.971860 [debug] [MainThread]: Command `dbt run` failed at 17:23:13.971860 after 0.14 seconds
[0m17:23:13.973560 [debug] [MainThread]: Sending event: {'category': 'dbt', 'action': 'invocation', 'label': 'end', 'context': [<snowplow_tracker.self_describing_json.SelfDescribingJson object at 0x000001EE3CE02EF0>, <snowplow_tracker.self_describing_json.SelfDescribingJson object at 0x000001EE3F117B20>, <snowplow_tracker.self_describing_json.SelfDescribingJson object at 0x000001EE3F117AF0>]}
[0m17:23:13.974071 [debug] [MainThread]: Flushing usage events
[0m17:23:14.971104 [debug] [MainThread]: An error was encountered while trying to flush usage events
